<?xml version="1.0" encoding="utf-8"?><testsuites name="pytest tests"><testsuite name="pytest" errors="0" failures="0" skipped="0" tests="43" time="4.486" timestamp="2026-05-09T00:58:35.884317+00:00" hostname="agent-env-d2b8cc64-eaf4-4136-ba39-12f04ac96039"><testcase classname="backend.tests.test_medconsulta.TestAuth" name="test_login_success" time="0.497" /><testcase classname="backend.tests.test_medconsulta.TestAuth" name="test_me" time="0.061" /><testcase classname="backend.tests.test_medconsulta.TestAuth" name="test_login_bad_credentials" time="0.135" /><testcase classname="backend.tests.test_medconsulta.TestDashboard" name="test_stats" time="0.050" /><testcase classname="backend.tests.test_medconsulta.TestPatients" name="test_create_patient" time="0.050" /><testcase classname="backend.tests.test_medconsulta.TestPatients" name="test_list_patients" time="0.054" /><testcase classname="backend.tests.test_medconsulta.TestPatients" name="test_search_patients" time="0.047" /><testcase classname="backend.tests.test_medconsulta.TestPatients" name="test_get_patient" time="0.050" /><testcase classname="backend.tests.test_medconsulta.TestPrescriptions" name="test_create_prescription" time="0.047" /><testcase classname="backend.tests.test_medconsulta.TestPrescriptions" name="test_list_prescriptions" time="0.046" /><testcase classname="backend.tests.test_medconsulta.TestPrescriptions" name="test_get_prescription" time="0.048" /><testcase classname="backend.tests.test_medconsulta.TestPrescriptions" name="test_list_prescriptions_by_patient" time="0.051" /><testcase classname="backend.tests.test_medconsulta.TestInventory" name="test_create_inventory" time="0.053" /><testcase classname="backend.tests.test_medconsulta.TestInventory" name="test_list_inventory" time="0.050" /><testcase classname="backend.tests.test_medconsulta.TestInventory" name="test_update_inventory" time="0.052" /><testcase classname="backend.tests.test_medconsulta.TestUsers" name="test_list_users" time="0.050" /><testcase classname="backend.tests.test_medconsulta.TestUsers" name="test_create_user" time="0.271" /><testcase classname="backend.tests.test_medconsulta.TestAppointments" name="test_unauth_returns_401" time="0.113" /><testcase classname="backend.tests.test_medconsulta.TestAppointments" name="test_create_appointment" time="0.054" /><testcase classname="backend.tests.test_medconsulta.TestAppointments" name="test_create_appt_invalid_patient_returns_404" time="0.056" /><testcase classname="backend.tests.test_medconsulta.TestAppointments" name="test_list_by_date" time="0.047" /><testcase classname="backend.tests.test_medconsulta.TestAppointments" name="test_list_by_month" time="0.054" /><testcase classname="backend.tests.test_medconsulta.TestAppointments" name="test_get_appointment" time="0.047" /><testcase classname="backend.tests.test_medconsulta.TestAppointments" name="test_update_appointment_status" time="0.097" /><testcase classname="backend.tests.test_medconsulta.TestAppointments" name="test_delete_appointment" time="0.097" /><testcase classname="backend.tests.test_medconsulta.TestReminders" name="test_send_reminder_unauth_returns_401" time="0.286" /><testcase classname="backend.tests.test_medconsulta.TestReminders" name="test_send_reminder_invalid_id_returns_404" time="0.048" /><testcase classname="backend.tests.test_medconsulta.TestReminders" name="test_send_reminder_patient_without_email_returns_400" time="0.141" /><testcase classname="backend.tests.test_medconsulta.TestReminders" name="test_persistence_fields_in_list_for_existing_appt" time="0.048" /><testcase classname="backend.tests.test_medconsulta.TestReminders" name="test_run_daily_reminders_non_admin_returns_403" time="0.448" /><testcase classname="backend.tests.test_medconsulta.TestReminders" name="test_run_daily_reminders_admin_returns_summary" time="0.047" /><testcase classname="backend.tests.test_medconsulta.TestDispensing" name="test_setup_inventory_items" time="0.092" /><testcase classname="backend.tests.test_medconsulta.TestDispensing" name="test_unauth_returns_401" time="0.123" /><testcase classname="backend.tests.test_medconsulta.TestDispensing" name="test_dispense_decrements_stock_atomically" time="0.148" /><testcase classname="backend.tests.test_medconsulta.TestDispensing" name="test_insufficient_stock_returns_400" time="0.057" /><testcase classname="backend.tests.test_medconsulta.TestDispensing" name="test_invalid_inventory_id_returns_400" time="0.048" /><testcase classname="backend.tests.test_medconsulta.TestDispensing" name="test_nonexistent_inventory_id_returns_404" time="0.052" /><testcase classname="backend.tests.test_medconsulta.TestDispensing" name="test_dispense_false_does_not_decrement" time="0.151" /><testcase classname="backend.tests.test_medconsulta.TestDispensing" name="test_free_text_no_inventory" time="0.053" /><testcase classname="backend.tests.test_medconsulta.TestDispensing" name="test_rollback_on_partial_failure" time="0.149" /><testcase classname="backend.tests.test_medconsulta.TestDispensing" name="test_response_excludes_underscore_id" time="0.051" /><testcase classname="backend.tests.test_medconsulta.TestDispensing" name="test_cleanup_dispensing" time="0.093" /><testcase classname="backend.tests.test_medconsulta.TestCleanup" name="test_cleanup" time="0.195" /></testsuite></testsuites>